<?xml version="1.0" encoding="UTF-8"?>
<!-- Generated by org.testng.reporters.JUnitXMLReporter -->
<testsuite hostname="DESKTOP-JS06PDE" name="Default test" tests="2" failures="0" timestamp="12 Jan 2017 17:44:52 GMT" time="2.059" errors="0">
  <testcase name="filterMobileTest" time="0.021" classname="com.hybrid.product.FilterMobileTest">
    <skipped/>
  </testcase> <!-- filterMobileTest -->
  <testcase name="filterMobileTest" time="0.004" classname="com.hybrid.product.FilterMobileTest">
    <skipped/>
  </testcase> <!-- filterMobileTest -->
</testsuite> <!-- Default test -->
