<?xml version="1.0" encoding="UTF-8"?>
<!-- Generated by org.testng.reporters.JUnitXMLReporter -->
<testsuite hostname="DESKTOP-JS06PDE" name="Login Test" tests="2" failures="0" timestamp="25 Jan 2017 17:40:49 GMT" time="71.407" errors="0">
  <testcase name="loginTest" time="68.174" classname="com.hybrid.sessionsuite.LoginTest"/>
  <testcase name="loginTest" time="0.001" classname="com.hybrid.sessionsuite.LoginTest">
    <skipped/>
  </testcase> <!-- loginTest -->
</testsuite> <!-- Login Test -->
