<?xml version="1.0" encoding="UTF-8"?>
<!-- Generated by org.testng.reporters.JUnitXMLReporter -->
<testsuite hostname="DESKTOP-JS06PDE" name="MyOrders Test" tests="2" failures="1" timestamp="25 Jan 2017 17:42:46 GMT" time="189.195" errors="0">
  <testcase name="myOrdersTest" time="127.491" classname="com.hybrid.sessionsuite.MyOrdersTest"/>
  <testcase name="myOrdersTest" time="56.838" classname="com.hybrid.sessionsuite.MyOrdersTest">
    <failure type="java.lang.NullPointerException">
      <![CDATA[java.lang.NullPointerException
	at com.hybrid.AppKeywords.login(AppKeywords.java:22)
	at com.hybrid.AppKeywords.defaultLogin(AppKeywords.java:36)
	at com.hybrid.Keywords.executeKeywords(Keywords.java:61)
	at com.hybrid.sessionsuite.MyOrdersTest.myOrdersTest(MyOrdersTest.java:44)
	at java.util.concurrent.FutureTask.run(FutureTask.java:266)
	at java.util.concurrent.ThreadPoolExecutor.runWorker(ThreadPoolExecutor.java:1142)
	at java.util.concurrent.ThreadPoolExecutor$Worker.run(ThreadPoolExecutor.java:617)
	at java.lang.Thread.run(Thread.java:745)
... Removed 16 stack frames]]>
    </failure>
  </testcase> <!-- myOrdersTest -->
</testsuite> <!-- MyOrders Test -->
